<?xml version="1.0" encoding="UTF-8"?>
<!-- Generated by org.testng.reporters.JUnitReportReporter -->
<testsuite hostname="LAPTOP-J1RFS02R" failures="0" tests="5" name="com.tutorialsninja.qa.testcases.Login" time="24.527" errors="0" timestamp="2024-08-22T20:01:26 IST" skipped="0">
  <testcase classname="com.tutorialsninja.qa.testcases.Login" name="verifyLoginWithValidCredentials" time="5.757"/>
  <testcase classname="com.tutorialsninja.qa.testcases.Login" name="verifyLoginWithInvalidCredentials" time="5.134"/>
  <testcase classname="com.tutorialsninja.qa.testcases.Login" name="verifyLoginWithInvalidEmailAndValidPassword" time="4.666"/>
  <testcase classname="com.tutorialsninja.qa.testcases.Login" name="verifyLoginWithValidEmailAndInvalidPassword" time="4.433"/>
  <testcase classname="com.tutorialsninja.qa.testcases.Login" name="verifyLoginWithBlankCredentials" time="4.537"/>
</testsuite> <!-- com.tutorialsninja.qa.testcases.Login -->
