<?xml version="1.0" encoding="UTF-8"?>
<!-- Generated by org.testng.reporters.JUnitReportReporter -->
<testsuite hostname="LAPTOP-J1RFS02R" failures="0" tests="3" name="com.tutorialsninja.qa.testcases.Search" time="15.268" errors="0" timestamp="2024-08-22T20:01:26 IST" skipped="0">
  <testcase classname="com.tutorialsninja.qa.testcases.Search" name="VerifySearchWithValidProduct" time="6.339"/>
  <testcase classname="com.tutorialsninja.qa.testcases.Search" name="VerifySearchWithInvalidProduct" time="4.328"/>
  <testcase classname="com.tutorialsninja.qa.testcases.Search" name="VerifySearchWithoutAnyProduct" time="4.601"/>
</testsuite> <!-- com.tutorialsninja.qa.testcases.Search -->
