<?xml version="1.0" encoding="UTF-8"?>
<!-- Generated by org.testng.reporters.JUnitReportReporter -->
<testsuite hostname="LAPTOP-J1RFS02R" failures="0" tests="4" name="com.tutorialsninja.qa.testcases.Register" time="27.050" errors="0" timestamp="2024-08-22T20:01:26 IST" skipped="0">
  <testcase classname="com.tutorialsninja.qa.testcases.Register" name="VerifyRegisteringAnAccountWithMandatoryFields" time="5.900"/>
  <testcase classname="com.tutorialsninja.qa.testcases.Register" name="VerifyRegisteringAnAccountWithAllFields" time="9.153"/>
  <testcase classname="com.tutorialsninja.qa.testcases.Register" name="VerifyRegisteringAnAccountWithExistingEmail" time="6.668"/>
  <testcase classname="com.tutorialsninja.qa.testcases.Register" name="VerifyRegisteringAnAccountWithEmptyMandatoryFields" time="5.329"/>
</testsuite> <!-- com.tutorialsninja.qa.testcases.Register -->
